<?xml version="1.0" encoding="UTF-8"?>
<!-- Generated by org.testng.reporters.JUnitXMLReporter -->
<testsuite ignored="21" hostname="DESKTOP-BB59D2L" failures="0" tests="10" name="SmokeTest" time="335.348" errors="0" timestamp="30 Jun 2020 23:37:30 GMT">
  <testcase classname="com.selenium.test.scripts.AddAEmployee" name="addEmp" time="55.069"/>
  <testcase classname="com.selenium.test.scripts.ParamTest" name="parameter" time="8.304"/>
  <testcase classname="com.selenium.test.scripts.LoginInTest" name="login" time="4.978"/>
  <testcase classname="com.selenium.test.scripts.LoginInTest" name="login" time="4.865"/>
  <testcase classname="com.selenium.test.scripts.LoginInTest" name="login" time="4.886"/>
  <testcase classname="com.selenium.test.scripts.LoginInTest" name="login" time="4.986"/>
  <testcase classname="com.selenium.test.scripts.LoginInTest" name="newEmp" time="54.944"/>
  <testcase classname="com.selenium.test.scripts.SmokeTests" name="empNumbers" time="17.903"/>
  <testcase classname="com.selenium.test.scripts.SmokeTests" name="taxId" time="17.464"/>
  <testcase classname="com.selenium.test.scripts.SmokeTests" name="version" time="14.526"/>
  <testcase classname="com.selenium.test.scripts.SmokeTests" name="leaveStatus" time="0.0">
    <ignored/>
  </testcase> <!-- leaveStatus -->
  <testcase classname="com.selenium.test.scripts.SmokeTests" name="nationalNum" time="0.0">
    <ignored/>
  </testcase> <!-- nationalNum -->
  <testcase classname="com.selenium.test.scripts.SmokeTests" name="empSupervisor" time="0.0">
    <ignored/>
  </testcase> <!-- empSupervisor -->
  <testcase classname="com.selenium.test.scripts.SmokeTests" name="licenseUpdate" time="0.0">
    <ignored/>
  </testcase> <!-- licenseUpdate -->
  <testcase classname="com.selenium.test.scripts.SmokeTests" name="hqLocation" time="0.0">
    <ignored/>
  </testcase> <!-- hqLocation -->
  <testcase classname="com.selenium.test.scripts.SmokeTests" name="leaveList" time="0.0">
    <ignored/>
  </testcase> <!-- leaveList -->
  <testcase classname="com.selenium.test.scripts.SmokeTests" name="loginValidInfo" time="0.0">
    <ignored/>
  </testcase> <!-- loginValidInfo -->
  <testcase classname="com.selenium.test.scripts.SmokeTests" name="empSalary" time="0.0">
    <ignored/>
  </testcase> <!-- empSalary -->
  <testcase classname="com.selenium.test.scripts.SmokeTests" name="emergencyEmpInfo" time="0.0">
    <ignored/>
  </testcase> <!-- emergencyEmpInfo -->
  <testcase classname="com.selenium.test.scripts.SmokeTests" name="addNewJob" time="0.0">
    <ignored/>
  </testcase> <!-- addNewJob -->
  <testcase classname="com.selenium.test.scripts.SmokeTests" name="leaveCancel" time="0.0">
    <ignored/>
  </testcase> <!-- leaveCancel -->
  <testcase classname="com.selenium.test.scripts.SmokeTests" name="leaveDays" time="0.0">
    <ignored/>
  </testcase> <!-- leaveDays -->
  <testcase classname="com.selenium.test.scripts.SmokeTests" name="leaveReq" time="0.0">
    <ignored/>
  </testcase> <!-- leaveReq -->
  <testcase classname="com.selenium.test.scripts.SmokeTests" name="distribution" time="0.0">
    <ignored/>
  </testcase> <!-- distribution -->
  <testcase classname="com.selenium.test.scripts.SmokeTests" name="loginInvalidInfo" time="0.0">
    <ignored/>
  </testcase> <!-- loginInvalidInfo -->
  <testcase classname="com.selenium.test.scripts.SmokeTests" name="jobtitleEmp" time="0.0">
    <ignored/>
  </testcase> <!-- jobtitleEmp -->
  <testcase classname="com.selenium.test.scripts.SmokeTests" name="companyName" time="0.0">
    <ignored/>
  </testcase> <!-- companyName -->
  <testcase classname="com.selenium.test.scripts.SmokeTests" name="PictureEmp" time="0.0">
    <ignored/>
  </testcase> <!-- PictureEmp -->
  <testcase classname="com.selenium.test.scripts.SmokeTests" name="marketPlace" time="0.0">
    <ignored/>
  </testcase> <!-- marketPlace -->
  <testcase classname="com.selenium.test.scripts.SmokeTests" name="legend" time="0.0">
    <ignored/>
  </testcase> <!-- legend -->
  <testcase classname="com.selenium.test.scripts.SmokeTests" name="workShift" time="0.0">
    <ignored/>
  </testcase> <!-- workShift -->
</testsuite> <!-- SmokeTest -->
