<?xml version="1.0" encoding="UTF-8"?>
<!-- Generated by org.testng.reporters.JUnitXMLReporter -->
<testsuite ignored="18" hostname="DESKTOP-BB59D2L" failures="0" tests="1" name="Smoke" time="23.319" errors="0" timestamp="27 Jun 2020 20:33:36 GMT">
  <testcase classname="com.selenium.test.scripts.ParamTest" name="parameter" time="8.165"/>
  <testcase classname="com.selenium.test.scripts.SmokeTests" name="leaveStatus" time="0.0">
    <ignored/>
  </testcase> <!-- leaveStatus -->
  <testcase classname="com.selenium.test.scripts.SmokeTests" name="empSupervisor" time="0.0">
    <ignored/>
  </testcase> <!-- empSupervisor -->
  <testcase classname="com.selenium.test.scripts.SmokeTests" name="licenseUpdate" time="0.0">
    <ignored/>
  </testcase> <!-- licenseUpdate -->
  <testcase classname="com.selenium.test.scripts.SmokeTests" name="leaveList" time="0.0">
    <ignored/>
  </testcase> <!-- leaveList -->
  <testcase classname="com.selenium.test.scripts.SmokeTests" name="loginValidInfo" time="0.0">
    <ignored/>
  </testcase> <!-- loginValidInfo -->
  <testcase classname="com.selenium.test.scripts.SmokeTests" name="empSalary" time="0.0">
    <ignored/>
  </testcase> <!-- empSalary -->
  <testcase classname="com.selenium.test.scripts.SmokeTests" name="addNewJob" time="0.0">
    <ignored/>
  </testcase> <!-- addNewJob -->
  <testcase classname="com.selenium.test.scripts.SmokeTests" name="leaveCancel" time="0.0">
    <ignored/>
  </testcase> <!-- leaveCancel -->
  <testcase classname="com.selenium.test.scripts.SmokeTests" name="leaveDays" time="0.0">
    <ignored/>
  </testcase> <!-- leaveDays -->
  <testcase classname="com.selenium.test.scripts.SmokeTests" name="leaveReq" time="0.0">
    <ignored/>
  </testcase> <!-- leaveReq -->
  <testcase classname="com.selenium.test.scripts.SmokeTests" name="distribution" time="0.0">
    <ignored/>
  </testcase> <!-- distribution -->
  <testcase classname="com.selenium.test.scripts.SmokeTests" name="loginInvalidInfo" time="0.0">
    <ignored/>
  </testcase> <!-- loginInvalidInfo -->
  <testcase classname="com.selenium.test.scripts.SmokeTests" name="jobtitleEmp" time="0.0">
    <ignored/>
  </testcase> <!-- jobtitleEmp -->
  <testcase classname="com.selenium.test.scripts.SmokeTests" name="companyName" time="0.0">
    <ignored/>
  </testcase> <!-- companyName -->
  <testcase classname="com.selenium.test.scripts.SmokeTests" name="PictureEmp" time="0.0">
    <ignored/>
  </testcase> <!-- PictureEmp -->
  <testcase classname="com.selenium.test.scripts.SmokeTests" name="marketPlace" time="0.0">
    <ignored/>
  </testcase> <!-- marketPlace -->
  <testcase classname="com.selenium.test.scripts.SmokeTests" name="legend" time="0.0">
    <ignored/>
  </testcase> <!-- legend -->
  <testcase classname="com.selenium.test.scripts.SmokeTests" name="workShift" time="0.0">
    <ignored/>
  </testcase> <!-- workShift -->
</testsuite> <!-- Smoke -->
